[2023-03-28T12:54:28.582+0100][gc,heap] Heap region size: 1M
[2023-03-28T12:54:28.590+0100][gc     ] Using G1
[2023-03-28T12:54:28.590+0100][gc,heap,coops] Heap address: 0x00000007c0000000, size: 1024 MB, Compressed Oops mode: Zero based, Oop shift amount: 3
[2023-03-28T12:54:29.501+0100][gc,start     ] GC(0) Pause Young (Concurrent Start) (Metadata GC Threshold)
[2023-03-28T12:54:29.501+0100][gc,task      ] GC(0) Using 8 workers of 8 for evacuation
[2023-03-28T12:54:29.506+0100][gc,phases    ] GC(0)   Pre Evacuate Collection Set: 0.0ms
[2023-03-28T12:54:29.506+0100][gc,phases    ] GC(0)   Evacuate Collection Set: 4.2ms
[2023-03-28T12:54:29.506+0100][gc,phases    ] GC(0)   Post Evacuate Collection Set: 0.4ms
[2023-03-28T12:54:29.506+0100][gc,phases    ] GC(0)   Other: 0.7ms
[2023-03-28T12:54:29.506+0100][gc,heap      ] GC(0) Eden regions: 47->0(44)
[2023-03-28T12:54:29.506+0100][gc,heap      ] GC(0) Survivor regions: 0->7(7)
[2023-03-28T12:54:29.506+0100][gc,heap      ] GC(0) Old regions: 0->0
[2023-03-28T12:54:29.506+0100][gc,heap      ] GC(0) Humongous regions: 0->0
[2023-03-28T12:54:29.506+0100][gc,metaspace ] GC(0) Metaspace: 20699K(21248K)->20699K(21248K) NonClass: 18404K(18688K)->18404K(18688K) Class: 2295K(2560K)->2295K(2560K)
[2023-03-28T12:54:29.506+0100][gc           ] GC(0) Pause Young (Concurrent Start) (Metadata GC Threshold) 47M->6M(1024M) 5.524ms
[2023-03-28T12:54:29.506+0100][gc,cpu       ] GC(0) User=0.02s Sys=0.01s Real=0.00s
[2023-03-28T12:54:29.506+0100][gc           ] GC(1) Concurrent Cycle
[2023-03-28T12:54:29.506+0100][gc,marking   ] GC(1) Concurrent Clear Claimed Marks
[2023-03-28T12:54:29.506+0100][gc,marking   ] GC(1) Concurrent Clear Claimed Marks 0.023ms
[2023-03-28T12:54:29.506+0100][gc,marking   ] GC(1) Concurrent Scan Root Regions
[2023-03-28T12:54:29.508+0100][gc,marking   ] GC(1) Concurrent Scan Root Regions 1.701ms
[2023-03-28T12:54:29.508+0100][gc,marking   ] GC(1) Concurrent Mark (0.935s)
[2023-03-28T12:54:29.508+0100][gc,marking   ] GC(1) Concurrent Mark From Roots
[2023-03-28T12:54:29.508+0100][gc,task      ] GC(1) Using 2 workers of 2 for marking
[2023-03-28T12:54:29.508+0100][gc,marking   ] GC(1) Concurrent Mark From Roots 0.161ms
[2023-03-28T12:54:29.508+0100][gc,marking   ] GC(1) Concurrent Preclean
[2023-03-28T12:54:29.508+0100][gc,marking   ] GC(1) Concurrent Preclean 0.037ms
[2023-03-28T12:54:29.508+0100][gc,marking   ] GC(1) Concurrent Mark (0.935s, 0.935s) 0.254ms
[2023-03-28T12:54:29.509+0100][gc,start     ] GC(1) Pause Remark
[2023-03-28T12:54:29.510+0100][gc,stringtable] GC(1) Cleaned string and symbol table, strings: 7096 processed, 0 removed, symbols: 65847 processed, 29 removed
[2023-03-28T12:54:29.510+0100][gc            ] GC(1) Pause Remark 7M->7M(1024M) 1.911ms
[2023-03-28T12:54:29.510+0100][gc,cpu        ] GC(1) User=0.01s Sys=0.00s Real=0.01s
[2023-03-28T12:54:29.511+0100][gc,marking    ] GC(1) Concurrent Rebuild Remembered Sets
[2023-03-28T12:54:29.511+0100][gc,marking    ] GC(1) Concurrent Rebuild Remembered Sets 0.060ms
[2023-03-28T12:54:29.511+0100][gc,start      ] GC(1) Pause Cleanup
[2023-03-28T12:54:29.511+0100][gc            ] GC(1) Pause Cleanup 7M->7M(1024M) 0.146ms
[2023-03-28T12:54:29.511+0100][gc,cpu        ] GC(1) User=0.00s Sys=0.00s Real=0.00s
[2023-03-28T12:54:29.511+0100][gc,marking    ] GC(1) Concurrent Cleanup for Next Mark
[2023-03-28T12:54:29.516+0100][gc,marking    ] GC(1) Concurrent Cleanup for Next Mark 4.620ms
[2023-03-28T12:54:29.516+0100][gc            ] GC(1) Concurrent Cycle 9.222ms
[2023-03-28T12:54:30.520+0100][gc,start      ] GC(2) Pause Young (Normal) (G1 Evacuation Pause)
[2023-03-28T12:54:30.520+0100][gc,task       ] GC(2) Using 8 workers of 8 for evacuation
[2023-03-28T12:54:30.525+0100][gc,phases     ] GC(2)   Pre Evacuate Collection Set: 0.0ms
[2023-03-28T12:54:30.525+0100][gc,phases     ] GC(2)   Evacuate Collection Set: 5.3ms
[2023-03-28T12:54:30.525+0100][gc,phases     ] GC(2)   Post Evacuate Collection Set: 0.3ms
[2023-03-28T12:54:30.525+0100][gc,phases     ] GC(2)   Other: 0.1ms
[2023-03-28T12:54:30.525+0100][gc,heap       ] GC(2) Eden regions: 44->0(48)
[2023-03-28T12:54:30.526+0100][gc,heap       ] GC(2) Survivor regions: 7->3(7)
[2023-03-28T12:54:30.526+0100][gc,heap       ] GC(2) Old regions: 0->7
[2023-03-28T12:54:30.526+0100][gc,heap       ] GC(2) Humongous regions: 129->129
[2023-03-28T12:54:30.526+0100][gc,metaspace  ] GC(2) Metaspace: 29280K(30208K)->29280K(30208K) NonClass: 25821K(26368K)->25821K(26368K) Class: 3459K(3840K)->3459K(3840K)
[2023-03-28T12:54:30.526+0100][gc            ] GC(2) Pause Young (Normal) (G1 Evacuation Pause) 179M->137M(1024M) 5.849ms
[2023-03-28T12:54:30.526+0100][gc,cpu        ] GC(2) User=0.03s Sys=0.01s Real=0.00s
[2023-03-28T12:54:30.890+0100][gc,start      ] GC(3) Pause Young (Concurrent Start) (Metadata GC Threshold)
[2023-03-28T12:54:30.890+0100][gc,task       ] GC(3) Using 8 workers of 8 for evacuation
[2023-03-28T12:54:30.893+0100][gc,phases     ] GC(3)   Pre Evacuate Collection Set: 0.1ms
[2023-03-28T12:54:30.893+0100][gc,phases     ] GC(3)   Evacuate Collection Set: 2.8ms
[2023-03-28T12:54:30.893+0100][gc,phases     ] GC(3)   Post Evacuate Collection Set: 0.2ms
[2023-03-28T12:54:30.893+0100][gc,phases     ] GC(3)   Other: 0.2ms
[2023-03-28T12:54:30.893+0100][gc,heap       ] GC(3) Eden regions: 33->0(46)
[2023-03-28T12:54:30.893+0100][gc,heap       ] GC(3) Survivor regions: 3->5(7)
[2023-03-28T12:54:30.893+0100][gc,heap       ] GC(3) Old regions: 7->7
[2023-03-28T12:54:30.893+0100][gc,heap       ] GC(3) Humongous regions: 129->129
[2023-03-28T12:54:30.893+0100][gc,metaspace  ] GC(3) Metaspace: 34805K(35840K)->34805K(35840K) NonClass: 30878K(31488K)->30878K(31488K) Class: 3927K(4352K)->3927K(4352K)
[2023-03-28T12:54:30.893+0100][gc            ] GC(3) Pause Young (Concurrent Start) (Metadata GC Threshold) 170M->139M(1024M) 3.342ms
[2023-03-28T12:54:30.893+0100][gc,cpu        ] GC(3) User=0.02s Sys=0.00s Real=0.00s
[2023-03-28T12:54:30.893+0100][gc            ] GC(4) Concurrent Cycle
[2023-03-28T12:54:30.893+0100][gc,marking    ] GC(4) Concurrent Clear Claimed Marks
[2023-03-28T12:54:30.893+0100][gc,marking    ] GC(4) Concurrent Clear Claimed Marks 0.029ms
[2023-03-28T12:54:30.893+0100][gc,marking    ] GC(4) Concurrent Scan Root Regions
[2023-03-28T12:54:30.895+0100][gc,marking    ] GC(4) Concurrent Scan Root Regions 1.871ms
[2023-03-28T12:54:30.895+0100][gc,marking    ] GC(4) Concurrent Mark (2.322s)
[2023-03-28T12:54:30.895+0100][gc,marking    ] GC(4) Concurrent Mark From Roots
[2023-03-28T12:54:30.895+0100][gc,task       ] GC(4) Using 2 workers of 2 for marking
[2023-03-28T12:54:30.899+0100][gc,marking    ] GC(4) Concurrent Mark From Roots 4.067ms
[2023-03-28T12:54:30.899+0100][gc,marking    ] GC(4) Concurrent Preclean
[2023-03-28T12:54:30.899+0100][gc,marking    ] GC(4) Concurrent Preclean 0.049ms
[2023-03-28T12:54:30.899+0100][gc,marking    ] GC(4) Concurrent Mark (2.322s, 2.326s) 4.163ms
[2023-03-28T12:54:30.900+0100][gc,start      ] GC(4) Pause Remark
[2023-03-28T12:54:30.902+0100][gc,stringtable] GC(4) Cleaned string and symbol table, strings: 11482 processed, 21 removed, symbols: 97584 processed, 22 removed
[2023-03-28T12:54:30.902+0100][gc            ] GC(4) Pause Remark 140M->140M(1024M) 1.968ms
[2023-03-28T12:54:30.902+0100][gc,cpu        ] GC(4) User=0.01s Sys=0.00s Real=0.00s
[2023-03-28T12:54:30.902+0100][gc,marking    ] GC(4) Concurrent Rebuild Remembered Sets
[2023-03-28T12:54:30.904+0100][gc,marking    ] GC(4) Concurrent Rebuild Remembered Sets 2.336ms
[2023-03-28T12:54:30.904+0100][gc,start      ] GC(4) Pause Cleanup
[2023-03-28T12:54:30.904+0100][gc            ] GC(4) Pause Cleanup 140M->140M(1024M) 0.196ms
[2023-03-28T12:54:30.904+0100][gc,cpu        ] GC(4) User=0.00s Sys=0.00s Real=0.00s
[2023-03-28T12:54:30.904+0100][gc,marking    ] GC(4) Concurrent Cleanup for Next Mark
[2023-03-28T12:54:30.910+0100][gc,marking    ] GC(4) Concurrent Cleanup for Next Mark 5.223ms
[2023-03-28T12:54:30.910+0100][gc            ] GC(4) Concurrent Cycle 16.430ms
[2023-03-28T12:54:31.341+0100][gc,start      ] GC(5) Pause Young (Normal) (G1 Evacuation Pause)
[2023-03-28T12:54:31.341+0100][gc,task       ] GC(5) Using 8 workers of 8 for evacuation
[2023-03-28T12:54:31.346+0100][gc,phases     ] GC(5)   Pre Evacuate Collection Set: 0.0ms
[2023-03-28T12:54:31.346+0100][gc,phases     ] GC(5)   Evacuate Collection Set: 4.1ms
[2023-03-28T12:54:31.346+0100][gc,phases     ] GC(5)   Post Evacuate Collection Set: 0.3ms
[2023-03-28T12:54:31.346+0100][gc,phases     ] GC(5)   Other: 0.2ms
[2023-03-28T12:54:31.346+0100][gc,heap       ] GC(5) Eden regions: 46->0(45)
[2023-03-28T12:54:31.346+0100][gc,heap       ] GC(5) Survivor regions: 5->6(7)
[2023-03-28T12:54:31.346+0100][gc,heap       ] GC(5) Old regions: 7->9
[2023-03-28T12:54:31.346+0100][gc,heap       ] GC(5) Humongous regions: 129->129
[2023-03-28T12:54:31.346+0100][gc,metaspace  ] GC(5) Metaspace: 42977K(44800K)->42977K(44800K) NonClass: 37932K(38912K)->37932K(38912K) Class: 5045K(5888K)->5045K(5888K)
[2023-03-28T12:54:31.346+0100][gc            ] GC(5) Pause Young (Normal) (G1 Evacuation Pause) 185M->142M(1024M) 4.720ms
[2023-03-28T12:54:31.346+0100][gc,cpu        ] GC(5) User=0.03s Sys=0.01s Real=0.00s
[2023-03-28T13:08:13.500+0100][gc,start      ] GC(6) Pause Young (Normal) (G1 Evacuation Pause)
[2023-03-28T13:08:13.500+0100][gc,task       ] GC(6) Using 8 workers of 8 for evacuation
[2023-03-28T13:08:13.544+0100][gc,mmu        ] GC(6) MMU target violated: 21.0ms (20.0ms/21.0ms)
[2023-03-28T13:08:13.544+0100][gc,phases     ] GC(6)   Pre Evacuate Collection Set: 0.8ms
[2023-03-28T13:08:13.544+0100][gc,phases     ] GC(6)   Evacuate Collection Set: 42.0ms
[2023-03-28T13:08:13.544+0100][gc,phases     ] GC(6)   Post Evacuate Collection Set: 0.6ms
[2023-03-28T13:08:13.544+0100][gc,phases     ] GC(6)   Other: 0.7ms
[2023-03-28T13:08:13.544+0100][gc,heap       ] GC(6) Eden regions: 45->0(46)
[2023-03-28T13:08:13.544+0100][gc,heap       ] GC(6) Survivor regions: 6->5(7)
[2023-03-28T13:08:13.544+0100][gc,heap       ] GC(6) Old regions: 9->11
[2023-03-28T13:08:13.544+0100][gc,heap       ] GC(6) Humongous regions: 129->129
[2023-03-28T13:08:13.544+0100][gc,metaspace  ] GC(6) Metaspace: 46446K(48640K)->46446K(48640K) NonClass: 40867K(41984K)->40867K(41984K) Class: 5579K(6656K)->5579K(6656K)
[2023-03-28T13:08:13.544+0100][gc            ] GC(6) Pause Young (Normal) (G1 Evacuation Pause) 187M->144M(1024M) 44.215ms
[2023-03-28T13:08:13.544+0100][gc,cpu        ] GC(6) User=0.04s Sys=0.17s Real=0.04s
[2023-03-28T13:44:53.617+0100][gc,start      ] GC(7) Pause Young (Normal) (G1 Evacuation Pause)
[2023-03-28T13:44:53.618+0100][gc,task       ] GC(7) Using 8 workers of 8 for evacuation
[2023-03-28T13:44:53.628+0100][gc,phases     ] GC(7)   Pre Evacuate Collection Set: 0.0ms
[2023-03-28T13:44:53.628+0100][gc,phases     ] GC(7)   Evacuate Collection Set: 9.1ms
[2023-03-28T13:44:53.628+0100][gc,phases     ] GC(7)   Post Evacuate Collection Set: 0.5ms
[2023-03-28T13:44:53.628+0100][gc,phases     ] GC(7)   Other: 1.4ms
[2023-03-28T13:44:53.628+0100][gc,heap       ] GC(7) Eden regions: 46->0(49)
[2023-03-28T13:44:53.628+0100][gc,heap       ] GC(7) Survivor regions: 5->2(7)
[2023-03-28T13:44:53.628+0100][gc,heap       ] GC(7) Old regions: 11->14
[2023-03-28T13:44:53.628+0100][gc,heap       ] GC(7) Humongous regions: 129->129
[2023-03-28T13:44:53.628+0100][gc,metaspace  ] GC(7) Metaspace: 46715K(48896K)->46715K(48896K) NonClass: 41136K(42240K)->41136K(42240K) Class: 5579K(6656K)->5579K(6656K)
[2023-03-28T13:44:53.628+0100][gc            ] GC(7) Pause Young (Normal) (G1 Evacuation Pause) 190M->144M(1024M) 11.289ms
[2023-03-28T13:44:53.628+0100][gc,cpu        ] GC(7) User=0.04s Sys=0.02s Real=0.01s
[2023-03-28T14:25:33.700+0100][gc,start      ] GC(8) Pause Young (Normal) (G1 Evacuation Pause)
[2023-03-28T14:25:33.701+0100][gc,task       ] GC(8) Using 8 workers of 8 for evacuation
[2023-03-28T14:25:33.716+0100][gc,phases     ] GC(8)   Pre Evacuate Collection Set: 1.4ms
[2023-03-28T14:25:33.716+0100][gc,phases     ] GC(8)   Evacuate Collection Set: 12.5ms
[2023-03-28T14:25:33.717+0100][gc,phases     ] GC(8)   Post Evacuate Collection Set: 0.8ms
[2023-03-28T14:25:33.717+0100][gc,phases     ] GC(8)   Other: 1.5ms
[2023-03-28T14:25:33.717+0100][gc,heap       ] GC(8) Eden regions: 49->0(49)
[2023-03-28T14:25:33.717+0100][gc,heap       ] GC(8) Survivor regions: 2->2(7)
[2023-03-28T14:25:33.717+0100][gc,heap       ] GC(8) Old regions: 14->14
[2023-03-28T14:25:33.717+0100][gc,heap       ] GC(8) Humongous regions: 129->129
[2023-03-28T14:25:33.717+0100][gc,metaspace  ] GC(8) Metaspace: 46835K(49152K)->46835K(49152K) NonClass: 41250K(42496K)->41250K(42496K) Class: 5584K(6656K)->5584K(6656K)
[2023-03-28T14:25:33.717+0100][gc            ] GC(8) Pause Young (Normal) (G1 Evacuation Pause) 193M->144M(1024M) 16.270ms
[2023-03-28T14:25:33.717+0100][gc,cpu        ] GC(8) User=0.03s Sys=0.05s Real=0.01s
[2023-03-28T14:43:34.890+0100][gc,start      ] GC(9) Pause Young (Normal) (G1 Evacuation Pause)
[2023-03-28T14:43:34.891+0100][gc,task       ] GC(9) Using 8 workers of 8 for evacuation
[2023-03-28T14:43:34.902+0100][gc,phases     ] GC(9)   Pre Evacuate Collection Set: 0.1ms
[2023-03-28T14:43:34.902+0100][gc,phases     ] GC(9)   Evacuate Collection Set: 9.5ms
[2023-03-28T14:43:34.902+0100][gc,phases     ] GC(9)   Post Evacuate Collection Set: 1.6ms
[2023-03-28T14:43:34.903+0100][gc,phases     ] GC(9)   Other: 1.3ms
[2023-03-28T14:43:34.903+0100][gc,heap       ] GC(9) Eden regions: 49->0(47)
[2023-03-28T14:43:34.903+0100][gc,heap       ] GC(9) Survivor regions: 2->4(7)
[2023-03-28T14:43:34.903+0100][gc,heap       ] GC(9) Old regions: 14->14
[2023-03-28T14:43:34.903+0100][gc,heap       ] GC(9) Humongous regions: 129->129
[2023-03-28T14:43:34.903+0100][gc,metaspace  ] GC(9) Metaspace: 49319K(51840K)->49319K(51840K) NonClass: 43435K(44800K)->43435K(44800K) Class: 5883K(7040K)->5883K(7040K)
[2023-03-28T14:43:34.903+0100][gc            ] GC(9) Pause Young (Normal) (G1 Evacuation Pause) 193M->145M(1024M) 12.679ms
[2023-03-28T14:43:34.903+0100][gc,cpu        ] GC(9) User=0.04s Sys=0.02s Real=0.01s
[2023-03-28T14:55:18.724+0100][gc,start      ] GC(10) Pause Young (Normal) (G1 Evacuation Pause)
[2023-03-28T14:55:18.725+0100][gc,task       ] GC(10) Using 8 workers of 8 for evacuation
[2023-03-28T14:55:18.735+0100][gc,phases     ] GC(10)   Pre Evacuate Collection Set: 0.0ms
[2023-03-28T14:55:18.735+0100][gc,phases     ] GC(10)   Evacuate Collection Set: 8.0ms
[2023-03-28T14:55:18.735+0100][gc,phases     ] GC(10)   Post Evacuate Collection Set: 1.8ms
[2023-03-28T14:55:18.735+0100][gc,phases     ] GC(10)   Other: 1.4ms
[2023-03-28T14:55:18.735+0100][gc,heap       ] GC(10) Eden regions: 47->0(47)
[2023-03-28T14:55:18.735+0100][gc,heap       ] GC(10) Survivor regions: 4->4(7)
[2023-03-28T14:55:18.735+0100][gc,heap       ] GC(10) Old regions: 14->14
[2023-03-28T14:55:18.735+0100][gc,heap       ] GC(10) Humongous regions: 129->129
[2023-03-28T14:55:18.735+0100][gc,metaspace  ] GC(10) Metaspace: 49647K(52096K)->49647K(52096K) NonClass: 43757K(45056K)->43757K(45056K) Class: 5890K(7040K)->5890K(7040K)
[2023-03-28T14:55:18.735+0100][gc            ] GC(10) Pause Young (Normal) (G1 Evacuation Pause) 192M->146M(1024M) 11.540ms
[2023-03-28T14:55:18.735+0100][gc,cpu        ] GC(10) User=0.07s Sys=0.00s Real=0.01s
