[2023-03-28 12:54:31,247] INFO [Controller id=0 epoch=6] Sending UpdateMetadata request to brokers HashSet(0) for 0 partitions (state.change.logger)
[2023-03-28 12:54:31,279] INFO [Controller id=0 epoch=6] Sending LeaderAndIsr request to broker 0 with 51 become-leader and 0 become-follower partitions (state.change.logger)
[2023-03-28 12:54:31,282] INFO [Controller id=0 epoch=6] Sending UpdateMetadata request to brokers HashSet(0) for 51 partitions (state.change.logger)
[2023-03-28 12:54:31,352] INFO [Broker id=0] Handling LeaderAndIsr request correlationId 1 from controller 0 for 51 partitions (state.change.logger)
[2023-03-28 12:54:31,400] INFO [Broker id=0] Stopped fetchers as part of LeaderAndIsr request correlationId 1 from controller 0 epoch 6 as part of the become-leader transition for 51 partitions (state.change.logger)
[2023-03-28 12:54:31,483] INFO [Broker id=0] Leader __consumer_offsets-3 with topic id Some(XQ4kFpSuS2uYb54FQVlW7Q) starts at leader epoch 0 from offset 0 with partition epoch 0, high watermark 0, ISR [0], adding replicas [] and removing replicas []. Previous leader epoch was -1. (state.change.logger)
[2023-03-28 12:54:31,525] INFO [Broker id=0] Leader __consumer_offsets-18 with topic id Some(XQ4kFpSuS2uYb54FQVlW7Q) starts at leader epoch 0 from offset 0 with partition epoch 0, high watermark 0, ISR [0], adding replicas [] and removing replicas []. Previous leader epoch was -1. (state.change.logger)
[2023-03-28 12:54:31,563] INFO [Broker id=0] Leader __consumer_offsets-41 with topic id Some(XQ4kFpSuS2uYb54FQVlW7Q) starts at leader epoch 0 from offset 0 with partition epoch 0, high watermark 0, ISR [0], adding replicas [] and removing replicas []. Previous leader epoch was -1. (state.change.logger)
[2023-03-28 12:54:31,604] INFO [Broker id=0] Leader __consumer_offsets-10 with topic id Some(XQ4kFpSuS2uYb54FQVlW7Q) starts at leader epoch 0 from offset 0 with partition epoch 0, high watermark 0, ISR [0], adding replicas [] and removing replicas []. Previous leader epoch was -1. (state.change.logger)
[2023-03-28 12:54:31,642] INFO [Broker id=0] Leader __consumer_offsets-33 with topic id Some(XQ4kFpSuS2uYb54FQVlW7Q) starts at leader epoch 0 from offset 0 with partition epoch 0, high watermark 0, ISR [0], adding replicas [] and removing replicas []. Previous leader epoch was -1. (state.change.logger)
[2023-03-28 12:54:31,682] INFO [Broker id=0] Leader __consumer_offsets-48 with topic id Some(XQ4kFpSuS2uYb54FQVlW7Q) starts at leader epoch 0 from offset 0 with partition epoch 0, high watermark 0, ISR [0], adding replicas [] and removing replicas []. Previous leader epoch was -1. (state.change.logger)
[2023-03-28 12:54:31,720] INFO [Broker id=0] Leader __consumer_offsets-19 with topic id Some(XQ4kFpSuS2uYb54FQVlW7Q) starts at leader epoch 0 from offset 0 with partition epoch 0, high watermark 0, ISR [0], adding replicas [] and removing replicas []. Previous leader epoch was -1. (state.change.logger)
[2023-03-28 12:54:31,761] INFO [Broker id=0] Leader __consumer_offsets-34 with topic id Some(XQ4kFpSuS2uYb54FQVlW7Q) starts at leader epoch 0 from offset 0 with partition epoch 0, high watermark 0, ISR [0], adding replicas [] and removing replicas []. Previous leader epoch was -1. (state.change.logger)
[2023-03-28 12:54:31,801] INFO [Broker id=0] Leader __consumer_offsets-4 with topic id Some(XQ4kFpSuS2uYb54FQVlW7Q) starts at leader epoch 0 from offset 0 with partition epoch 0, high watermark 0, ISR [0], adding replicas [] and removing replicas []. Previous leader epoch was -1. (state.change.logger)
[2023-03-28 12:54:31,842] INFO [Broker id=0] Leader __consumer_offsets-11 with topic id Some(XQ4kFpSuS2uYb54FQVlW7Q) starts at leader epoch 0 from offset 0 with partition epoch 0, high watermark 0, ISR [0], adding replicas [] and removing replicas []. Previous leader epoch was -1. (state.change.logger)
[2023-03-28 12:54:31,882] INFO [Broker id=0] Leader __consumer_offsets-26 with topic id Some(XQ4kFpSuS2uYb54FQVlW7Q) starts at leader epoch 0 from offset 0 with partition epoch 0, high watermark 0, ISR [0], adding replicas [] and removing replicas []. Previous leader epoch was -1. (state.change.logger)
[2023-03-28 12:54:31,923] INFO [Broker id=0] Leader __consumer_offsets-49 with topic id Some(XQ4kFpSuS2uYb54FQVlW7Q) starts at leader epoch 0 from offset 0 with partition epoch 0, high watermark 0, ISR [0], adding replicas [] and removing replicas []. Previous leader epoch was -1. (state.change.logger)
[2023-03-28 12:54:31,964] INFO [Broker id=0] Leader __consumer_offsets-39 with topic id Some(XQ4kFpSuS2uYb54FQVlW7Q) starts at leader epoch 0 from offset 0 with partition epoch 0, high watermark 0, ISR [0], adding replicas [] and removing replicas []. Previous leader epoch was -1. (state.change.logger)
[2023-03-28 12:54:32,004] INFO [Broker id=0] Leader __consumer_offsets-9 with topic id Some(XQ4kFpSuS2uYb54FQVlW7Q) starts at leader epoch 0 from offset 0 with partition epoch 0, high watermark 0, ISR [0], adding replicas [] and removing replicas []. Previous leader epoch was -1. (state.change.logger)
[2023-03-28 12:54:32,046] INFO [Broker id=0] Leader __consumer_offsets-24 with topic id Some(XQ4kFpSuS2uYb54FQVlW7Q) starts at leader epoch 0 from offset 0 with partition epoch 0, high watermark 0, ISR [0], adding replicas [] and removing replicas []. Previous leader epoch was -1. (state.change.logger)
[2023-03-28 12:54:32,085] INFO [Broker id=0] Leader MyFirstKafkaTopic-0 with topic id Some(9XwJrKePSVi6uPw8jfjLEA) starts at leader epoch 0 from offset 0 with partition epoch 0, high watermark 0, ISR [0], adding replicas [] and removing replicas []. Previous leader epoch was -1. (state.change.logger)
[2023-03-28 12:54:32,125] INFO [Broker id=0] Leader __consumer_offsets-31 with topic id Some(XQ4kFpSuS2uYb54FQVlW7Q) starts at leader epoch 0 from offset 0 with partition epoch 0, high watermark 0, ISR [0], adding replicas [] and removing replicas []. Previous leader epoch was -1. (state.change.logger)
[2023-03-28 12:54:32,166] INFO [Broker id=0] Leader __consumer_offsets-46 with topic id Some(XQ4kFpSuS2uYb54FQVlW7Q) starts at leader epoch 0 from offset 0 with partition epoch 0, high watermark 0, ISR [0], adding replicas [] and removing replicas []. Previous leader epoch was -1. (state.change.logger)
[2023-03-28 12:54:32,207] INFO [Broker id=0] Leader __consumer_offsets-1 with topic id Some(XQ4kFpSuS2uYb54FQVlW7Q) starts at leader epoch 0 from offset 0 with partition epoch 0, high watermark 0, ISR [0], adding replicas [] and removing replicas []. Previous leader epoch was -1. (state.change.logger)
[2023-03-28 12:54:32,247] INFO [Broker id=0] Leader __consumer_offsets-16 with topic id Some(XQ4kFpSuS2uYb54FQVlW7Q) starts at leader epoch 0 from offset 0 with partition epoch 0, high watermark 0, ISR [0], adding replicas [] and removing replicas []. Previous leader epoch was -1. (state.change.logger)
[2023-03-28 12:54:32,288] INFO [Broker id=0] Leader __consumer_offsets-2 with topic id Some(XQ4kFpSuS2uYb54FQVlW7Q) starts at leader epoch 0 from offset 0 with partition epoch 0, high watermark 0, ISR [0], adding replicas [] and removing replicas []. Previous leader epoch was -1. (state.change.logger)
[2023-03-28 12:54:32,328] INFO [Broker id=0] Leader __consumer_offsets-25 with topic id Some(XQ4kFpSuS2uYb54FQVlW7Q) starts at leader epoch 0 from offset 0 with partition epoch 0, high watermark 0, ISR [0], adding replicas [] and removing replicas []. Previous leader epoch was -1. (state.change.logger)
[2023-03-28 12:54:32,368] INFO [Broker id=0] Leader __consumer_offsets-40 with topic id Some(XQ4kFpSuS2uYb54FQVlW7Q) starts at leader epoch 0 from offset 0 with partition epoch 0, high watermark 0, ISR [0], adding replicas [] and removing replicas []. Previous leader epoch was -1. (state.change.logger)
[2023-03-28 12:54:32,409] INFO [Broker id=0] Leader __consumer_offsets-47 with topic id Some(XQ4kFpSuS2uYb54FQVlW7Q) starts at leader epoch 0 from offset 0 with partition epoch 0, high watermark 0, ISR [0], adding replicas [] and removing replicas []. Previous leader epoch was -1. (state.change.logger)
[2023-03-28 12:54:32,448] INFO [Broker id=0] Leader __consumer_offsets-17 with topic id Some(XQ4kFpSuS2uYb54FQVlW7Q) starts at leader epoch 0 from offset 0 with partition epoch 0, high watermark 0, ISR [0], adding replicas [] and removing replicas []. Previous leader epoch was -1. (state.change.logger)
[2023-03-28 12:54:32,489] INFO [Broker id=0] Leader __consumer_offsets-32 with topic id Some(XQ4kFpSuS2uYb54FQVlW7Q) starts at leader epoch 0 from offset 0 with partition epoch 0, high watermark 0, ISR [0], adding replicas [] and removing replicas []. Previous leader epoch was -1. (state.change.logger)
[2023-03-28 12:54:32,530] INFO [Broker id=0] Leader __consumer_offsets-37 with topic id Some(XQ4kFpSuS2uYb54FQVlW7Q) starts at leader epoch 0 from offset 0 with partition epoch 0, high watermark 0, ISR [0], adding replicas [] and removing replicas []. Previous leader epoch was -1. (state.change.logger)
[2023-03-28 12:54:32,570] INFO [Broker id=0] Leader __consumer_offsets-7 with topic id Some(XQ4kFpSuS2uYb54FQVlW7Q) starts at leader epoch 0 from offset 0 with partition epoch 0, high watermark 0, ISR [0], adding replicas [] and removing replicas []. Previous leader epoch was -1. (state.change.logger)
[2023-03-28 12:54:32,610] INFO [Broker id=0] Leader __consumer_offsets-22 with topic id Some(XQ4kFpSuS2uYb54FQVlW7Q) starts at leader epoch 0 from offset 0 with partition epoch 0, high watermark 0, ISR [0], adding replicas [] and removing replicas []. Previous leader epoch was -1. (state.change.logger)
[2023-03-28 12:54:32,650] INFO [Broker id=0] Leader __consumer_offsets-29 with topic id Some(XQ4kFpSuS2uYb54FQVlW7Q) starts at leader epoch 0 from offset 0 with partition epoch 0, high watermark 0, ISR [0], adding replicas [] and removing replicas []. Previous leader epoch was -1. (state.change.logger)
[2023-03-28 12:54:32,691] INFO [Broker id=0] Leader __consumer_offsets-44 with topic id Some(XQ4kFpSuS2uYb54FQVlW7Q) starts at leader epoch 0 from offset 0 with partition epoch 0, high watermark 0, ISR [0], adding replicas [] and removing replicas []. Previous leader epoch was -1. (state.change.logger)
[2023-03-28 12:54:32,730] INFO [Broker id=0] Leader __consumer_offsets-14 with topic id Some(XQ4kFpSuS2uYb54FQVlW7Q) starts at leader epoch 0 from offset 0 with partition epoch 0, high watermark 0, ISR [0], adding replicas [] and removing replicas []. Previous leader epoch was -1. (state.change.logger)
[2023-03-28 12:54:32,771] INFO [Broker id=0] Leader __consumer_offsets-23 with topic id Some(XQ4kFpSuS2uYb54FQVlW7Q) starts at leader epoch 0 from offset 0 with partition epoch 0, high watermark 0, ISR [0], adding replicas [] and removing replicas []. Previous leader epoch was -1. (state.change.logger)
[2023-03-28 12:54:32,810] INFO [Broker id=0] Leader __consumer_offsets-38 with topic id Some(XQ4kFpSuS2uYb54FQVlW7Q) starts at leader epoch 0 from offset 0 with partition epoch 0, high watermark 0, ISR [0], adding replicas [] and removing replicas []. Previous leader epoch was -1. (state.change.logger)
[2023-03-28 12:54:32,849] INFO [Broker id=0] Leader __consumer_offsets-8 with topic id Some(XQ4kFpSuS2uYb54FQVlW7Q) starts at leader epoch 0 from offset 0 with partition epoch 0, high watermark 0, ISR [0], adding replicas [] and removing replicas []. Previous leader epoch was -1. (state.change.logger)
[2023-03-28 12:54:32,892] INFO [Broker id=0] Leader __consumer_offsets-45 with topic id Some(XQ4kFpSuS2uYb54FQVlW7Q) starts at leader epoch 0 from offset 0 with partition epoch 0, high watermark 0, ISR [0], adding replicas [] and removing replicas []. Previous leader epoch was -1. (state.change.logger)
[2023-03-28 12:54:32,932] INFO [Broker id=0] Leader __consumer_offsets-15 with topic id Some(XQ4kFpSuS2uYb54FQVlW7Q) starts at leader epoch 0 from offset 0 with partition epoch 0, high watermark 0, ISR [0], adding replicas [] and removing replicas []. Previous leader epoch was -1. (state.change.logger)
[2023-03-28 12:54:32,970] INFO [Broker id=0] Leader __consumer_offsets-30 with topic id Some(XQ4kFpSuS2uYb54FQVlW7Q) starts at leader epoch 0 from offset 0 with partition epoch 0, high watermark 0, ISR [0], adding replicas [] and removing replicas []. Previous leader epoch was -1. (state.change.logger)
[2023-03-28 12:54:33,011] INFO [Broker id=0] Leader __consumer_offsets-0 with topic id Some(XQ4kFpSuS2uYb54FQVlW7Q) starts at leader epoch 0 from offset 0 with partition epoch 0, high watermark 0, ISR [0], adding replicas [] and removing replicas []. Previous leader epoch was -1. (state.change.logger)
[2023-03-28 12:54:33,051] INFO [Broker id=0] Leader __consumer_offsets-35 with topic id Some(XQ4kFpSuS2uYb54FQVlW7Q) starts at leader epoch 0 from offset 0 with partition epoch 0, high watermark 0, ISR [0], adding replicas [] and removing replicas []. Previous leader epoch was -1. (state.change.logger)
[2023-03-28 12:54:33,092] INFO [Broker id=0] Leader __consumer_offsets-5 with topic id Some(XQ4kFpSuS2uYb54FQVlW7Q) starts at leader epoch 0 from offset 0 with partition epoch 0, high watermark 0, ISR [0], adding replicas [] and removing replicas []. Previous leader epoch was -1. (state.change.logger)
[2023-03-28 12:54:33,133] INFO [Broker id=0] Leader __consumer_offsets-20 with topic id Some(XQ4kFpSuS2uYb54FQVlW7Q) starts at leader epoch 0 from offset 0 with partition epoch 0, high watermark 0, ISR [0], adding replicas [] and removing replicas []. Previous leader epoch was -1. (state.change.logger)
[2023-03-28 12:54:33,173] INFO [Broker id=0] Leader __consumer_offsets-27 with topic id Some(XQ4kFpSuS2uYb54FQVlW7Q) starts at leader epoch 0 from offset 0 with partition epoch 0, high watermark 0, ISR [0], adding replicas [] and removing replicas []. Previous leader epoch was -1. (state.change.logger)
[2023-03-28 12:54:33,213] INFO [Broker id=0] Leader __consumer_offsets-42 with topic id Some(XQ4kFpSuS2uYb54FQVlW7Q) starts at leader epoch 0 from offset 0 with partition epoch 0, high watermark 0, ISR [0], adding replicas [] and removing replicas []. Previous leader epoch was -1. (state.change.logger)
[2023-03-28 12:54:33,254] INFO [Broker id=0] Leader __consumer_offsets-12 with topic id Some(XQ4kFpSuS2uYb54FQVlW7Q) starts at leader epoch 0 from offset 0 with partition epoch 0, high watermark 0, ISR [0], adding replicas [] and removing replicas []. Previous leader epoch was -1. (state.change.logger)
[2023-03-28 12:54:33,295] INFO [Broker id=0] Leader __consumer_offsets-21 with topic id Some(XQ4kFpSuS2uYb54FQVlW7Q) starts at leader epoch 0 from offset 0 with partition epoch 0, high watermark 0, ISR [0], adding replicas [] and removing replicas []. Previous leader epoch was -1. (state.change.logger)
[2023-03-28 12:54:33,321] INFO [Broker id=0] Leader __consumer_offsets-36 with topic id Some(XQ4kFpSuS2uYb54FQVlW7Q) starts at leader epoch 0 from offset 0 with partition epoch 0, high watermark 0, ISR [0], adding replicas [] and removing replicas []. Previous leader epoch was -1. (state.change.logger)
[2023-03-28 12:54:33,361] INFO [Broker id=0] Leader __consumer_offsets-6 with topic id Some(XQ4kFpSuS2uYb54FQVlW7Q) starts at leader epoch 0 from offset 0 with partition epoch 0, high watermark 0, ISR [0], adding replicas [] and removing replicas []. Previous leader epoch was -1. (state.change.logger)
[2023-03-28 12:54:33,401] INFO [Broker id=0] Leader __consumer_offsets-43 with topic id Some(XQ4kFpSuS2uYb54FQVlW7Q) starts at leader epoch 0 from offset 0 with partition epoch 0, high watermark 0, ISR [0], adding replicas [] and removing replicas []. Previous leader epoch was -1. (state.change.logger)
[2023-03-28 12:54:33,440] INFO [Broker id=0] Leader __consumer_offsets-13 with topic id Some(XQ4kFpSuS2uYb54FQVlW7Q) starts at leader epoch 0 from offset 0 with partition epoch 0, high watermark 0, ISR [0], adding replicas [] and removing replicas []. Previous leader epoch was -1. (state.change.logger)
[2023-03-28 12:54:33,479] INFO [Broker id=0] Leader __consumer_offsets-28 with topic id Some(XQ4kFpSuS2uYb54FQVlW7Q) starts at leader epoch 0 from offset 0 with partition epoch 0, high watermark 0, ISR [0], adding replicas [] and removing replicas []. Previous leader epoch was -1. (state.change.logger)
[2023-03-28 12:54:33,527] INFO [Broker id=0] Finished LeaderAndIsr request in 2177ms correlationId 1 from controller 0 for 51 partitions (state.change.logger)
[2023-03-28 12:54:33,545] INFO [Broker id=0] Add 51 partitions and deleted 0 partitions from metadata cache in response to UpdateMetadata request sent by controller 0 epoch 6 with correlation id 2 (state.change.logger)
